<?xml version="1.0" encoding="UTF-8"?>
<testsuite xmlns:xsi="http://www.w3.org/2001/XMLSchema-instance" xsi:noNamespaceSchemaLocation="https://maven.apache.org/surefire/maven-surefire-plugin/xsd/surefire-test-report-3.0.xsd" version="3.0" name="fr.kayp.bol.BolApplicationTests" time="7.316" tests="1" errors="0" skipped="0" failures="0">
  <properties>
[...]
</properties>
  <testcase name="contextLoads" classname="fr.kayp.bol.BolApplicationTests" time="1.516">
    <system-out><![CDATA[17:17:35.516 [main] INFO org.springframework.test.context.support.AnnotationConfigContextLoaderUtils -- Could not detect default configuration classes for test class [fr.kayp.bol.BolApplicationTests]: BolApplicationTests does not declare any static, non-private, non-final, nested classes annotated with @Configuration.
17:17:35.768 [main] INFO org.springframework.boot.test.context.SpringBootTestContextBootstrapper -- Found @SpringBootConfiguration fr.kayp.bol.BolApplication for test class fr.kayp.bol.BolApplicationTests

  .   ____          _            __ _ _
 /\\ / ___'_ __ _ _(_)_ __  __ _ \ \ \ \
( ( )\___ | '_ | '_| | '_ \/ _` | \ \ \ \
 \\/  ___)| |_)| | | | | || (_| |  ) ) ) )
  '  |____| .__|_| |_|_| |_\__, | / / / /
 =========|_|==============|___/=/_/_/_/
 :: Spring Boot ::                (v3.2.4)

2024-10-20T17:17:36.775+02:00  INFO 2964 --- [bol] [           main] fr.kayp.bol.BolApplicationTests          : Starting BolApplicationTests using Java 21.0.4 with PID 2964 (started by lucas in /mnt/c/Projets/Kayp_backend)
2024-10-20T17:17:36.776+02:00  INFO 2964 --- [bol] [           main] fr.kayp.bol.BolApplicationTests          : No active profile set, falling back to 1 default profile: "default"
2024-10-20T17:17:40.921+02:00  INFO 2964 --- [bol] [           main] fr.kayp.bol.BolApplicationTests          : Started BolApplicationTests in 4.719 seconds (process running for 6.493)
]]></system-out>
    <system-err><![CDATA[WARNING: A Java agent has been loaded dynamically (/home/lucas/.m2/repository/net/bytebuddy/byte-buddy-agent/1.14.12/byte-buddy-agent-1.14.12.jar)
WARNING: If a serviceability tool is in use, please run with -XX:+EnableDynamicAgentLoading to hide this warning
WARNING: If a serviceability tool is not in use, please run with -Djdk.instrument.traceUsage for more information
WARNING: Dynamic loading of agents will be disallowed by default in a future release
]]></system-err>
  </testcase>
</testsuite>